[0.300s] Invoking command in '/home/vy/GalacticRacing/sim_ws/build/safety_node': /usr/bin/cmake --build /home/vy/GalacticRacing/sim_ws/build/safety_node -- -j16 -l16
[0.321s] -- Found ament_cmake: 0.9.12 (/opt/ros/foxy/share/ament_cmake/cmake)
[0.336s] -- Using PYTHON_EXECUTABLE: /usr/bin/python3
[0.444s] Traceback (most recent call last):
[0.444s]   File "/opt/ros/foxy/share/ament_cmake_core/cmake/package_templates/templates_2_cmake.py", line 21, in <module>
[0.444s]     from ament_package.templates import get_environment_hook_template_path
[0.444s] ModuleNotFoundError: No module named 'ament_package'
[0.475s] -- Configuring incomplete, errors occurred!
[0.475s] See also "/home/vy/GalacticRacing/sim_ws/build/safety_node/CMakeFiles/CMakeOutput.log".
[0.476s] See also "/home/vy/GalacticRacing/sim_ws/build/safety_node/CMakeFiles/CMakeError.log".
[0.476s] CMake Error at /opt/ros/foxy/share/ament_cmake_core/cmake/ament_cmake_package_templates-extras.cmake:41 (message):
[0.476s]   execute_process(/usr/bin/python3
[0.476s]   /opt/ros/foxy/share/ament_cmake_core/cmake/package_templates/templates_2_cmake.py
[0.476s]   /home/vy/GalacticRacing/sim_ws/build/safety_node/ament_cmake_package_templates/templates.cmake)
[0.476s]   returned error code 1
[0.476s] Call Stack (most recent call first):
[0.476s]   /opt/ros/foxy/share/ament_cmake_core/cmake/ament_cmake_coreConfig.cmake:41 (include)
[0.477s]   /opt/ros/foxy/share/ament_cmake/cmake/ament_cmake_export_dependencies-extras.cmake:15 (find_package)
[0.477s]   /opt/ros/foxy/share/ament_cmake/cmake/ament_cmakeConfig.cmake:41 (include)
[0.477s]   CMakeLists.txt:24 (find_package)
[0.477s] 
[0.477s] 
[0.477s] make: *** [Makefile:266: cmake_check_build_system] Error 1
