[0.155s] Invoking command in '/home/vy/GalacticRacing/sim_ws/build/gap_follow': /usr/bin/cmake --build /home/vy/GalacticRacing/sim_ws/build/gap_follow -- -j16 -l16
[0.322s] -- Found ament_cmake: 0.9.12 (/opt/ros/foxy/share/ament_cmake/cmake)
[0.323s] -- Using PYTHON_EXECUTABLE: /usr/bin/python3
[0.323s] -- Configuring incomplete, errors occurred!
[0.323s] See also "/home/vy/GalacticRacing/sim_ws/build/gap_follow/CMakeFiles/CMakeOutput.log".
[0.323s] See also "/home/vy/GalacticRacing/sim_ws/build/gap_follow/CMakeFiles/CMakeError.log".
[0.324s] Traceback (most recent call last):
[0.324s]   File "/opt/ros/foxy/share/ament_cmake_core/cmake/package_templates/templates_2_cmake.py", line 21, in <module>
[0.324s]     from ament_package.templates import get_environment_hook_template_path
[0.324s] ModuleNotFoundError: No module named 'ament_package'
[0.324s] CMake Error at /opt/ros/foxy/share/ament_cmake_core/cmake/ament_cmake_package_templates-extras.cmake:41 (message):
[0.324s]   execute_process(/usr/bin/python3
[0.324s]   /opt/ros/foxy/share/ament_cmake_core/cmake/package_templates/templates_2_cmake.py
[0.324s]   /home/vy/GalacticRacing/sim_ws/build/gap_follow/ament_cmake_package_templates/templates.cmake)
[0.324s]   returned error code 1
[0.324s] Call Stack (most recent call first):
[0.324s]   /opt/ros/foxy/share/ament_cmake_core/cmake/ament_cmake_coreConfig.cmake:41 (include)
[0.324s]   /opt/ros/foxy/share/ament_cmake/cmake/ament_cmake_export_dependencies-extras.cmake:15 (find_package)
[0.324s]   /opt/ros/foxy/share/ament_cmake/cmake/ament_cmakeConfig.cmake:41 (include)
[0.325s]   CMakeLists.txt:25 (find_package)
[0.325s] 
[0.325s] 
[0.325s] make: *** [Makefile:266: cmake_check_build_system] Error 1
[0.330s] Invoked command in '/home/vy/GalacticRacing/sim_ws/build/gap_follow' returned '2': /usr/bin/cmake --build /home/vy/GalacticRacing/sim_ws/build/gap_follow -- -j16 -l16
