[0.296s] Invoking command in '/home/vy/GalacticRacing/sim_ws/build/pure_pursuit': /usr/bin/cmake --build /home/vy/GalacticRacing/sim_ws/build/pure_pursuit -- -j16 -l16
[0.321s] -- Found ament_cmake: 0.9.12 (/opt/ros/foxy/share/ament_cmake/cmake)
[0.333s] -- Using PYTHON_EXECUTABLE: /usr/bin/python3
[0.440s] Traceback (most recent call last):
[0.440s]   File "/opt/ros/foxy/share/ament_cmake_core/cmake/package_templates/templates_2_cmake.py", line 21, in <module>
[0.440s]     from ament_package.templates import get_environment_hook_template_path
[0.440s] ModuleNotFoundError: No module named 'ament_package'
[0.465s] CMake Error at /opt/ros/foxy/share/ament_cmake_core/cmake/ament_cmake_package_templates-extras.cmake:41 (message):
[0.465s]   execute_process(/usr/bin/python3
[0.465s]   /opt/ros/foxy/share/ament_cmake_core/cmake/package_templates/templates_2_cmake.py
[0.465s]   /home/vy/GalacticRacing/sim_ws/build/pure_pursuit/ament_cmake_package_templates/templates.cmake)
[0.466s]   returned error code 1
[0.466s] Call Stack (most recent call first):
[0.466s]   /opt/ros/foxy/share/ament_cmake_core/cmake/ament_cmake_coreConfig.cmake:41 (include)
[0.466s]   /opt/ros/foxy/share/ament_cmake/cmake/ament_cmake_export_dependencies-extras.cmake:15 (find_package)
[0.466s]   /opt/ros/foxy/share/ament_cmake/cmake/ament_cmakeConfig.cmake:41 (include)
[0.466s]   CMakeLists.txt:28 (find_package)
[0.466s] 
[0.466s] 
[0.466s] -- Configuring incomplete, errors occurred!
[0.466s] See also "/home/vy/GalacticRacing/sim_ws/build/pure_pursuit/CMakeFiles/CMakeOutput.log".
[0.466s] See also "/home/vy/GalacticRacing/sim_ws/build/pure_pursuit/CMakeFiles/CMakeError.log".
[0.468s] make: *** [Makefile:266: cmake_check_build_system] Error 1
